<?xml version="1.0" encoding="UTF-8"?>
<!-- Generated by org.testng.reporters.JUnitXMLReporter -->
<testsuite ignored="2" hostname="DESKTOP-L8VPHJS" failures="0" tests="1" name="Default test" time="22.525" errors="0" timestamp="2022-02-03T17:22:02 IST">
  <testcase classname="testScripts.A11yTestOne" name="testWebElement" time="13.405"/>
  <testcase classname="testScripts.A11yTestOne" name="sampleOneTest" time="0.0">
    <ignored/>
  </testcase> <!-- sampleOneTest -->
  <testcase classname="testScripts.A11yTestOne" name="testWithSelectors" time="0.0">
    <ignored/>
  </testcase> <!-- testWithSelectors -->
</testsuite> <!-- Default test -->
