<?xml version="1.0" encoding="UTF-8"?>
<testng-results ignored="2" total="3" passed="1" failed="0" skipped="0">
  <reporter-output>
  </reporter-output>
  <suite started-at="2022-02-03T17:21:39 IST" name="Default suite" finished-at="2022-02-03T17:22:02 IST" duration-ms="22525">
    <groups>
    </groups>
    <test started-at="2022-02-03T17:21:39 IST" name="Default test" finished-at="2022-02-03T17:22:02 IST" duration-ms="22525">
      <class name="testScripts.A11yTestOne">
        <test-method is-config="true" signature="setup()[pri:0, instance:testScripts.A11yTestOne@57c758ac]" started-at="2022-02-03T17:21:39 IST" name="setup" finished-at="2022-02-03T17:21:49 IST" duration-ms="9074" status="PASS">
          <reporter-output>
          </reporter-output>
        </test-method> <!-- setup -->
        <test-method signature="testWebElement()[pri:0, instance:testScripts.A11yTestOne@57c758ac]" started-at="2022-02-03T17:21:49 IST" name="testWebElement" finished-at="2022-02-03T17:22:02 IST" duration-ms="13405" status="PASS">
          <reporter-output>
          </reporter-output>
        </test-method> <!-- testWebElement -->
      </class> <!-- testScripts.A11yTestOne -->
    </test> <!-- Default test -->
  </suite> <!-- Default suite -->
</testng-results>
